<?xml version="1.0" encoding="UTF-8"?>
<!-- Generated by org.testng.reporters.JUnitXMLReporter -->
<testsuite ignored="0" hostname="LIN24007749" failures="0" tests="3" name="LoginTest" time="16.96" errors="0" timestamp="2022-07-08T11:27:32 IST">
  <testcase classname="tests.LoginTest" name="loginWithValidCredentials" time="1.111"/>
  <testcase classname="tests.LoginTest" name="loginWithValidUsernameAndInvalidPassword" time="1.022"/>
  <testcase classname="tests.LoginTest" name="loginWithInvalidUsernameAndValidPassword" time="1.117"/>
</testsuite> <!-- LoginTest -->
