<?xml version="1.0" encoding="UTF-8"?>
<!-- Generated by org.testng.reporters.JUnitXMLReporter -->
<testsuite ignored="0" hostname="LIN24007749" failures="0" tests="3" name="RegisterTest" time="21.022" errors="0" timestamp="2022-07-08T11:27:15 IST">
  <testcase classname="tests.RegisterTest" name="registerWithMandatoryFields" time="1.821"/>
  <testcase classname="tests.RegisterTest" name="registerWithAllFields" time="1.867"/>
  <testcase classname="tests.RegisterTest" name="registerWithAlreadyRegisteredEmailAddress" time="1.827"/>
</testsuite> <!-- RegisterTest -->
