<?xml version="1.0" encoding="UTF-8"?>
<!-- Generated by org.testng.reporters.JUnitXMLReporter -->
<testsuite ignored="0" hostname="LIN24007749" failures="0" tests="3" name="SearchTest" time="12.272" errors="0" timestamp="2022-07-08T11:27:44 IST">
  <testcase classname="tests.SearchTest" name="searchWithValidProduct" time="0.456"/>
  <testcase classname="tests.SearchTest" name="searchWithInValidProduct" time="0.449"/>
  <testcase classname="tests.SearchTest" name="searchWithoutAnyProduct" time="0.402"/>
</testsuite> <!-- SearchTest -->
